<?xml version="1.0" encoding="UTF-8"?>
<coverage generated="1651672201906" clover="3.2.0">
  <project timestamp="1651672201906" name="All files">
    <metrics statements="20" coveredstatements="7" conditionals="6" coveredconditionals="2" methods="12" coveredmethods="4" elements="38" coveredelements="13" complexity="0" loc="20" ncloc="20" packages="1" files="1" classes="1"/>
    <file name="tasks-functionality.js" path="C:\Users\Usuario\Desktop\To-do-List-Pro\src\tasks-functionality.js">
      <metrics statements="20" coveredstatements="7" conditionals="6" coveredconditionals="2" methods="12" coveredmethods="4"/>
      <line num="3" count="2" type="cond" truecount="2" falsecount="0"/>
      <line num="7" count="3" type="stmt"/>
      <line num="8" count="3" type="stmt"/>
      <line num="12" count="1" type="stmt"/>
      <line num="13" count="1" type="stmt"/>
      <line num="14" count="2" type="stmt"/>
      <line num="16" count="1" type="stmt"/>
      <line num="20" count="0" type="stmt"/>
      <line num="21" count="0" type="cond" truecount="0" falsecount="2"/>
      <line num="22" count="0" type="stmt"/>
      <line num="25" count="0" type="stmt"/>
      <line num="29" count="0" type="stmt"/>
      <line num="30" count="0" type="cond" truecount="0" falsecount="2"/>
      <line num="31" count="0" type="stmt"/>
      <line num="34" count="0" type="stmt"/>
      <line num="38" count="0" type="stmt"/>
      <line num="42" count="0" type="stmt"/>
      <line num="43" count="0" type="stmt"/>
      <line num="44" count="0" type="stmt"/>
      <line num="46" count="0" type="stmt"/>
    </file>
  </project>
</coverage>
