TN:
SF:src\tasks-functionality.js
FN:2,(anonymous_0)
FN:6,(anonymous_1)
FN:11,(anonymous_2)
FN:13,(anonymous_3)
FN:19,(anonymous_4)
FN:20,(anonymous_5)
FN:28,(anonymous_6)
FN:29,(anonymous_7)
FN:37,(anonymous_8)
FN:41,(anonymous_9)
FN:42,(anonymous_10)
FN:43,(anonymous_11)
FNF:12
FNH:8
FNDA:4,(anonymous_0)
FNDA:5,(anonymous_1)
FNDA:1,(anonymous_2)
FNDA:2,(anonymous_3)
FNDA:1,(anonymous_4)
FNDA:3,(anonymous_5)
FNDA:1,(anonymous_6)
FNDA:4,(anonymous_7)
FNDA:0,(anonymous_8)
FNDA:0,(anonymous_9)
FNDA:0,(anonymous_10)
FNDA:0,(anonymous_11)
DA:3,4
DA:7,5
DA:8,5
DA:12,1
DA:13,1
DA:14,2
DA:16,1
DA:20,1
DA:21,3
DA:22,1
DA:25,1
DA:29,1
DA:30,4
DA:31,1
DA:34,1
DA:38,0
DA:42,0
DA:43,0
DA:44,0
DA:46,0
LF:20
LH:15
BRDA:3,0,0,4
BRDA:3,0,1,1
BRDA:21,1,0,1
BRDA:21,1,1,2
BRDA:30,2,0,1
BRDA:30,2,1,3
BRF:6
BRH:6
end_of_record
